[08/Jan/2018 17:45:27] "GET / HTTP/1.1" 302 0
[08/Jan/2018 17:45:28] "GET /accounts/login/?next=/ HTTP/1.1" 200 1324
[08/Jan/2018 17:45:28] "GET /accounts/login/?next=/ HTTP/1.1" 200 1324
[08/Jan/2018 17:46:02] "POST /accounts/login/ HTTP/1.1" 302 0
[08/Jan/2018 17:46:02] "GET / HTTP/1.1" 200 47303
[08/Jan/2018 17:46:05] "GET /accounts/logout/ HTTP/1.1" 302 0
[08/Jan/2018 17:46:05] "GET / HTTP/1.1" 302 0
[08/Jan/2018 17:46:05] "GET /accounts/login/?next=/ HTTP/1.1" 200 1324
[08/Jan/2018 17:46:35] "GET / HTTP/1.1" 302 0
[08/Jan/2018 17:46:35] "GET /accounts/login/?next=/ HTTP/1.1" 200 1324
[08/Jan/2018 17:46:52] "GET /accounts/login/?next=/ HTTP/1.1" 200 1324
[08/Jan/2018 17:46:59] "POST /accounts/login/ HTTP/1.1" 302 0
[08/Jan/2018 17:47:00] "GET / HTTP/1.1" 200 47303
[08/Jan/2018 17:47:02] "GET /accounts/logout/ HTTP/1.1" 302 0
[08/Jan/2018 17:47:02] "GET / HTTP/1.1" 302 0
[08/Jan/2018 17:47:02] "GET /accounts/login/?next=/ HTTP/1.1" 200 1324
[08/Jan/2018 17:47:12] "POST /accounts/login/ HTTP/1.1" 302 0
[08/Jan/2018 17:47:12] "GET / HTTP/1.1" 200 47242
[08/Jan/2018 17:47:15] "GET /accounts/logout/ HTTP/1.1" 302 0
[08/Jan/2018 17:47:15] "GET / HTTP/1.1" 302 0
[08/Jan/2018 17:47:15] "GET /accounts/login/?next=/ HTTP/1.1" 200 1324
[08/Jan/2018 17:52:10] "POST /accounts/login/ HTTP/1.1" 302 0
[08/Jan/2018 17:52:10] "GET / HTTP/1.1" 200 47303
[08/Jan/2018 17:54:01] "POST / HTTP/1.1" 302 0
[08/Jan/2018 17:54:01] "GET / HTTP/1.1" 200 47303
[08/Jan/2018 17:55:14] "GET /accounts/logout/ HTTP/1.1" 302 0
[08/Jan/2018 17:55:14] "GET / HTTP/1.1" 302 0
[08/Jan/2018 17:55:14] "GET /accounts/login/?next=/ HTTP/1.1" 200 1324
[08/Jan/2018 18:07:52] "GET / HTTP/1.1" 302 0
[08/Jan/2018 18:07:52] "GET /accounts/login/?next=/ HTTP/1.1" 200 1324
[08/Jan/2018 18:07:53] "GET /accounts/login/?next=/ HTTP/1.1" 200 1324
[08/Jan/2018 19:25:12] "GET / HTTP/1.1" 302 0
[08/Jan/2018 19:25:12] "GET /accounts/login/?next=/ HTTP/1.1" 200 1324
[08/Jan/2018 19:25:12] "GET /static/css/bootstrap-theme.min.css HTTP/1.1" 404 108
[08/Jan/2018 19:25:12] "GET /static/css/bootstrap.min.css HTTP/1.1" 404 102
[08/Jan/2018 19:25:12] "GET /static/css/style.css HTTP/1.1" 404 94
[08/Jan/2018 19:25:12] "GET /favicon.ico HTTP/1.1" 404 85
[08/Jan/2018 19:25:22] "GET /static/css/bootstrap.min.css HTTP/1.1" 404 102
[08/Jan/2018 19:25:22] "GET /static/css/bootstrap-theme.min.css HTTP/1.1" 404 108
[08/Jan/2018 19:25:22] "GET /static/css/style.css HTTP/1.1" 404 94
[08/Jan/2018 19:25:24] "GET /accounts/login/?next=/ HTTP/1.1" 200 1324
[08/Jan/2018 19:25:24] "GET /static/css/bootstrap-theme.min.css HTTP/1.1" 404 108
[08/Jan/2018 19:25:24] "GET /static/css/style.css HTTP/1.1" 404 94
[08/Jan/2018 19:25:24] "GET /static/css/bootstrap.min.css HTTP/1.1" 404 102
[08/Jan/2018 19:28:35] "GET /accounts/login/?next=/ HTTP/1.1" 200 1324
[08/Jan/2018 19:28:35] "GET /static/css/bootstrap.min.css HTTP/1.1" 404 102
[08/Jan/2018 19:28:35] "GET /static/css/style.css HTTP/1.1" 404 94
[08/Jan/2018 19:28:35] "GET /static/css/bootstrap-theme.min.css HTTP/1.1" 404 108
[08/Jan/2018 19:28:45] "GET /static/css/bootstrap.min.css HTTP/1.1" 404 102
[08/Jan/2018 19:31:40] "GET /accounts/login/?next=/ HTTP/1.1" 200 1324
[08/Jan/2018 19:31:40] "GET /static/css/bootstrap-theme.min.css HTTP/1.1" 404 108
[08/Jan/2018 19:31:40] "GET /static/css/style.css HTTP/1.1" 404 94
[08/Jan/2018 19:31:40] "GET /static/css/bootstrap.min.css HTTP/1.1" 404 102
[08/Jan/2018 19:31:40] "GET /accounts/login/?next=/ HTTP/1.1" 200 1324
[08/Jan/2018 19:31:40] "GET /static/css/style.css HTTP/1.1" 404 94
[08/Jan/2018 19:31:40] "GET /static/css/bootstrap-theme.min.css HTTP/1.1" 404 108
[08/Jan/2018 19:31:40] "GET /static/css/bootstrap.min.css HTTP/1.1" 404 102
[08/Jan/2018 19:31:41] "GET /accounts/login/?next=/ HTTP/1.1" 200 1324
[08/Jan/2018 19:31:41] "GET /static/css/bootstrap-theme.min.css HTTP/1.1" 404 108
[08/Jan/2018 19:31:41] "GET /static/css/bootstrap.min.css HTTP/1.1" 404 102
[08/Jan/2018 19:31:41] "GET /static/css/style.css HTTP/1.1" 404 94
[08/Jan/2018 19:32:00] "GET /accounts/login/?next=/ HTTP/1.1" 200 1324
[08/Jan/2018 19:32:00] "GET /static/css/bootstrap-theme.min.css HTTP/1.1" 404 108
[08/Jan/2018 19:32:00] "GET /static/css/style.css HTTP/1.1" 404 94
[08/Jan/2018 19:32:00] "GET /static/css/bootstrap.min.css HTTP/1.1" 404 102
[08/Jan/2018 19:32:00] "GET /accounts/login/?next=/ HTTP/1.1" 200 1324
[08/Jan/2018 19:32:00] "GET /static/css/bootstrap.min.css HTTP/1.1" 404 102
[08/Jan/2018 19:32:00] "GET /static/css/bootstrap-theme.min.css HTTP/1.1" 404 108
[08/Jan/2018 19:32:00] "GET /static/css/style.css HTTP/1.1" 404 94
[08/Jan/2018 19:32:01] "GET /accounts/login/?next=/ HTTP/1.1" 200 1324
[08/Jan/2018 19:32:01] "GET /static/css/style.css HTTP/1.1" 404 94
[08/Jan/2018 19:32:01] "GET /static/css/bootstrap-theme.min.css HTTP/1.1" 404 108
[08/Jan/2018 19:32:01] "GET /static/css/bootstrap.min.css HTTP/1.1" 404 102
[08/Jan/2018 19:32:01] "GET /accounts/login/?next=/ HTTP/1.1" 200 1324
[08/Jan/2018 19:32:01] "GET /static/css/bootstrap.min.css HTTP/1.1" 404 102
[08/Jan/2018 19:32:01] "GET /static/css/bootstrap-theme.min.css HTTP/1.1" 404 108
[08/Jan/2018 19:32:01] "GET /static/css/style.css HTTP/1.1" 404 94
[08/Jan/2018 19:32:01] "GET /accounts/login/?next=/ HTTP/1.1" 200 1324
[08/Jan/2018 19:32:01] "GET /static/css/bootstrap.min.css HTTP/1.1" 404 102
[08/Jan/2018 19:32:01] "GET /static/css/bootstrap-theme.min.css HTTP/1.1" 404 108
[08/Jan/2018 19:32:01] "GET /static/css/style.css HTTP/1.1" 404 94
[08/Jan/2018 19:32:02] "GET /accounts/login/?next=/ HTTP/1.1" 200 1324
[08/Jan/2018 19:32:02] "GET /static/css/bootstrap-theme.min.css HTTP/1.1" 404 108
[08/Jan/2018 19:32:02] "GET /static/css/style.css HTTP/1.1" 404 94
[08/Jan/2018 19:32:02] "GET /static/css/bootstrap.min.css HTTP/1.1" 404 102
[08/Jan/2018 19:32:02] "GET /accounts/login/?next=/ HTTP/1.1" 200 1324
[08/Jan/2018 19:32:02] "GET /static/css/bootstrap-theme.min.css HTTP/1.1" 404 108
[08/Jan/2018 19:32:02] "GET /static/css/bootstrap.min.css HTTP/1.1" 404 102
[08/Jan/2018 19:32:02] "GET /static/css/style.css HTTP/1.1" 404 94
[08/Jan/2018 19:32:02] "GET /accounts/login/?next=/ HTTP/1.1" 200 1324
[08/Jan/2018 19:32:02] "GET /static/css/style.css HTTP/1.1" 404 94
[08/Jan/2018 19:32:02] "GET /static/css/bootstrap.min.css HTTP/1.1" 404 102
[08/Jan/2018 19:32:02] "GET /static/css/bootstrap-theme.min.css HTTP/1.1" 404 108
[08/Jan/2018 19:32:02] "GET /accounts/login/?next=/ HTTP/1.1" 200 1324
[08/Jan/2018 19:32:02] "GET /static/css/bootstrap.min.css HTTP/1.1" 404 102
[08/Jan/2018 19:32:02] "GET /static/css/bootstrap-theme.min.css HTTP/1.1" 404 108
[08/Jan/2018 19:32:02] "GET /static/css/style.css HTTP/1.1" 404 94
[08/Jan/2018 19:32:02] "GET /accounts/login/?next=/ HTTP/1.1" 200 1324
[08/Jan/2018 19:32:02] "GET /static/css/bootstrap.min.css HTTP/1.1" 404 102
[08/Jan/2018 19:32:02] "GET /static/css/bootstrap-theme.min.css HTTP/1.1" 404 108
[08/Jan/2018 19:32:02] "GET /static/css/style.css HTTP/1.1" 404 94
[08/Jan/2018 19:32:02] "GET /accounts/login/?next=/ HTTP/1.1" 200 1324
[08/Jan/2018 19:32:02] "GET /static/css/style.css HTTP/1.1" 404 94
[08/Jan/2018 19:32:02] "GET /static/css/bootstrap-theme.min.css HTTP/1.1" 404 108
[08/Jan/2018 19:32:02] "GET /static/css/bootstrap.min.css HTTP/1.1" 404 102
[08/Jan/2018 19:32:03] "GET /accounts/login/?next=/ HTTP/1.1" 200 1324
[08/Jan/2018 19:32:03] "GET /static/css/bootstrap.min.css HTTP/1.1" 404 102
[08/Jan/2018 19:32:03] "GET /static/css/style.css HTTP/1.1" 404 94
[08/Jan/2018 19:32:03] "GET /static/css/bootstrap-theme.min.css HTTP/1.1" 404 108
[08/Jan/2018 19:32:03] "GET /accounts/login/?next=/ HTTP/1.1" 200 1324
[08/Jan/2018 19:32:03] "GET /static/css/style.css HTTP/1.1" 404 94
[08/Jan/2018 19:32:03] "GET /static/css/bootstrap-theme.min.css HTTP/1.1" 404 108
[08/Jan/2018 19:32:03] "GET /static/css/bootstrap.min.css HTTP/1.1" 404 102
[08/Jan/2018 19:32:03] "GET /accounts/login/?next=/ HTTP/1.1" 200 1324
[08/Jan/2018 19:32:03] "GET /static/css/style.css HTTP/1.1" 404 94
[08/Jan/2018 19:32:03] "GET /static/css/bootstrap-theme.min.css HTTP/1.1" 404 108
[08/Jan/2018 19:32:03] "GET /static/css/bootstrap.min.css HTTP/1.1" 404 102
[08/Jan/2018 19:32:03] "GET /accounts/login/?next=/ HTTP/1.1" 200 1324
[08/Jan/2018 19:32:03] "GET /static/css/bootstrap.min.css HTTP/1.1" 404 102
[08/Jan/2018 19:32:03] "GET /static/css/bootstrap-theme.min.css HTTP/1.1" 404 108
[08/Jan/2018 19:32:03] "GET /static/css/style.css HTTP/1.1" 404 94
[08/Jan/2018 19:41:06] "GET / HTTP/1.1" 302 0
[08/Jan/2018 19:41:06] "GET /accounts/login/?next=/ HTTP/1.1" 200 1324
[08/Jan/2018 19:41:07] "GET /accounts/login/?next=/ HTTP/1.1" 200 1324
[08/Jan/2018 19:41:08] "GET /favicon.ico HTTP/1.1" 404 85
[08/Jan/2018 19:46:20] "GET / HTTP/1.1" 302 0
[08/Jan/2018 19:46:20] "GET /accounts/login/?next=/ HTTP/1.1" 200 1324
[08/Jan/2018 19:46:20] "GET /static/css/bootstrap.min.css HTTP/1.1" 404 102
[08/Jan/2018 19:46:20] "GET /static/css/style.css HTTP/1.1" 404 94
[08/Jan/2018 19:46:20] "GET /static/css/bootstrap-theme.min.css HTTP/1.1" 404 108
[08/Jan/2018 19:46:28] "GET /static/css/bootstrap.min.css HTTP/1.1" 404 102
[08/Jan/2018 19:46:28] "GET /static/css/bootstrap-theme.min.css HTTP/1.1" 404 108
[08/Jan/2018 19:46:28] "GET /static/css/style.css HTTP/1.1" 404 94
[08/Jan/2018 19:46:58] "GET /static/css/bootstrap.min.css HTTP/1.1" 404 102
[08/Jan/2018 19:47:16] "GET /css/bootstrap.min.css HTTP/1.1" 404 95
[08/Jan/2018 19:47:19] "GET /bootstrap.min.css HTTP/1.1" 404 91
[08/Jan/2018 19:48:06] "GET / HTTP/1.1" 302 0
[08/Jan/2018 19:48:06] "GET /accounts/login/?next=/ HTTP/1.1" 200 1324
[08/Jan/2018 19:48:09] "GET /accounts/login/?next=/ HTTP/1.1" 200 1324
[08/Jan/2018 19:48:40] "GET /accounts/login/?next=/ HTTP/1.1" 200 1324
[08/Jan/2018 19:49:09] "GET /accounts/login/static/css/bootstrap.min.css HTTP/1.1" 404 117
[08/Jan/2018 19:49:31] "GET /static/css/bootstrap.min.css HTTP/1.1" 404 102
[08/Jan/2018 19:49:44] "GET /static/css/bootstrap.min.css HTTP/1.1" 404 102
[08/Jan/2018 19:50:13] "GET /static/css/bootstrap.min.css HTTP/1.1" 404 102
[08/Jan/2018 19:50:14] "GET /static/css/bootstrap.min.css HTTP/1.1" 404 102
[08/Jan/2018 19:51:36] "GET / HTTP/1.1" 302 0
[08/Jan/2018 19:51:36] "GET /accounts/login/?next=/ HTTP/1.1" 200 1324
[08/Jan/2018 19:51:36] "GET /static/css/bootstrap-theme.min.css HTTP/1.1" 404 108
[08/Jan/2018 19:51:36] "GET /static/css/style.css HTTP/1.1" 404 94
[08/Jan/2018 19:51:36] "GET /static/css/bootstrap.min.css HTTP/1.1" 404 102
Performing system checks...

System check identified no issues (0 silenced).
January 08, 2018 - 17:46:29
Django version 2.0.1, using settings 'manchester.settings'
Starting development server at http://0.0.0.0:6878/
Quit the server with CONTROL-C.
Traceback (most recent call last):
  File "manage.py", line 17, in <module>
    "Couldn't import Django. Are you sure it's installed and "
ImportError: Couldn't import Django. Are you sure it's installed and available on your PYTHONPATH environment variable? Did you forget to activate a virtual environment?
Unhandled exception in thread started by <function check_errors.<locals>.wrapper at 0x7efd5ccd7730>
Traceback (most recent call last):
  File "/home/dalton/virtual/lib/python3.5/site-packages/django/utils/autoreload.py", line 225, in wrapper
    fn(*args, **kwargs)
  File "/home/dalton/virtual/lib/python3.5/site-packages/django/core/management/commands/runserver.py", line 113, in inner_run
    autoreload.raise_last_exception()
  File "/home/dalton/virtual/lib/python3.5/site-packages/django/utils/autoreload.py", line 248, in raise_last_exception
    raise _exception[1]
  File "/home/dalton/virtual/lib/python3.5/site-packages/django/core/management/__init__.py", line 327, in execute
    autoreload.check_errors(django.setup)()
  File "/home/dalton/virtual/lib/python3.5/site-packages/django/utils/autoreload.py", line 225, in wrapper
    fn(*args, **kwargs)
  File "/home/dalton/virtual/lib/python3.5/site-packages/django/__init__.py", line 24, in setup
    apps.populate(settings.INSTALLED_APPS)
  File "/home/dalton/virtual/lib/python3.5/site-packages/django/apps/registry.py", line 112, in populate
    app_config.import_models()
  File "/home/dalton/virtual/lib/python3.5/site-packages/django/apps/config.py", line 198, in import_models
    self.models_module = import_module(models_module_name)
  File "/home/dalton/virtual/lib/python3.5/importlib/__init__.py", line 126, in import_module
    return _bootstrap._gcd_import(name[level:], package, level)
  File "<frozen importlib._bootstrap>", line 986, in _gcd_import
  File "<frozen importlib._bootstrap>", line 969, in _find_and_load
  File "<frozen importlib._bootstrap>", line 958, in _find_and_load_unlocked
  File "<frozen importlib._bootstrap>", line 673, in _load_unlocked
  File "<frozen importlib._bootstrap_external>", line 665, in exec_module
  File "<frozen importlib._bootstrap>", line 222, in _call_with_frames_removed
  File "/home/dalton/virtual/lib/python3.5/site-packages/django/contrib/auth/models.py", line 94, in <module>
    class Group(models.Model):
  File "/home/dalton/virtual/lib/python3.5/site-packages/django/db/models/base.py", line 152, in __new__
    new_class.add_to_class(obj_name, obj)
  File "/home/dalton/virtual/lib/python3.5/site-packages/django/db/models/base.py", line 315, in add_to_class
    value.contribute_to_class(cls, name)
  File "/home/dalton/virtual/lib/python3.5/site-packages/django/db/models/fields/related.py", line 1586, in contribute_to_class
    self.remote_field.through = create_many_to_many_intermediary_model(self, cls)
  File "/home/dalton/virtual/lib/python3.5/site-packages/django/db/models/fields/related.py", line 1051, in create_many_to_many_intermediary_model
    'verbose_name': _('%(from)s-%(to)s relationship') % {'from': from_, 'to': to},
  File "/home/dalton/virtual/lib/python3.5/site-packages/django/utils/functional.py", line 148, in __mod__
    return str(self) % rhs
  File "/home/dalton/virtual/lib/python3.5/site-packages/django/utils/functional.py", line 112, in __text_cast
    return func(*self.__args, **self.__kw)
  File "/home/dalton/virtual/lib/python3.5/site-packages/django/utils/translation/__init__.py", line 77, in gettext
    return _trans.gettext(message)
  File "/home/dalton/virtual/lib/python3.5/site-packages/django/utils/translation/trans_real.py", line 312, in gettext
    _default = _default or translation(settings.LANGUAGE_CODE)
  File "/home/dalton/virtual/lib/python3.5/site-packages/django/utils/translation/trans_real.py", line 221, in translation
    _translations[language] = DjangoTranslation(language)
  File "/home/dalton/virtual/lib/python3.5/site-packages/django/utils/translation/trans_real.py", line 127, in __init__
    raise IOError("No translation files found for default language %s." % settings.LANGUAGE_CODE)
OSError: No translation files found for default language America/Campo_Grande.
